C:\Program Files (x86)\Microsoft Visual Studio\2017\Professional\Common7\IDE\VC\VCTargets\Microsoft.Cpp.Common.props(144,5): warning MSB4211: The property "WindowsTargetPlatformVersion" is being set to a value for the first time, but it was already consumed at "C:\Program Files (x86)\Microsoft Visual Studio\2017\Professional\Common7\IDE\VC\VCTargets\Microsoft.Cpp.WindowsSDK.props (29,5)".
C:\Program Files (x86)\Microsoft Visual Studio\2017\Professional\Common7\IDE\VC\VCTargets\Microsoft.Cpp.Common.props(144,5): warning MSB4211: The property "WindowsTargetPlatformVersion" is being set to a value for the first time, but it was already consumed at "C:\Program Files (x86)\Microsoft Visual Studio\2017\Professional\Common7\IDE\VC\VCTargets\Microsoft.Cpp.WindowsSDK.props (29,5)".
  StdAfx.cpp
  _WIN32_WINNT not defined. Defaulting to _WIN32_WINNT_MAXVER (see WinSDKVer.h)
C:\Program Files (x86)\Microsoft Visual Studio\2017\Professional\Common7\IDE\VC\VCTargets\Microsoft.Cpp.Common.props(144,5): warning MSB4211: The property "WindowsTargetPlatformVersion" is being set to a value for the first time, but it was already consumed at "C:\Program Files (x86)\Microsoft Visual Studio\2017\Professional\Common7\IDE\VC\VCTargets\Microsoft.Cpp.WindowsSDK.props (29,5)".
C:\Program Files (x86)\Microsoft Visual Studio\2017\Professional\Common7\IDE\VC\VCTargets\Microsoft.Cpp.Common.props(144,5): warning MSB4211: The property "WindowsTargetPlatformVersion" is being set to a value for the first time, but it was already consumed at "C:\Program Files (x86)\Microsoft Visual Studio\2017\Professional\Common7\IDE\VC\VCTargets\Microsoft.Cpp.WindowsSDK.props (29,5)".
  ClientSocketDlg.cpp
  ServerSocket.cpp
  ServerSocketDlg.cpp
  SocketComm.cpp
d:\netdone\networkprogrammingcpp\serversocket\socketcomm.cpp(293): warning C4996: 'inet_addr': Use inet_pton() or InetPton() instead or define _WINSOCK_DEPRECATED_NO_WARNINGS to disable deprecated API warnings
  c:\program files (x86)\windows kits\8.1\include\um\winsock2.h(1850): note: see declaration of 'inet_addr'
d:\netdone\networkprogrammingcpp\serversocket\socketcomm.cpp(298): warning C4996: 'gethostbyname': Use getaddrinfo() or GetAddrInfoW() instead or define _WINSOCK_DEPRECATED_NO_WARNINGS to disable deprecated API warnings
  c:\program files (x86)\windows kits\8.1\include\um\winsock2.h(2238): note: see declaration of 'gethostbyname'
d:\netdone\networkprogrammingcpp\serversocket\socketcomm.cpp(325): warning C4996: 'gethostbyname': Use getaddrinfo() or GetAddrInfoW() instead or define _WINSOCK_DEPRECATED_NO_WARNINGS to disable deprecated API warnings
  c:\program files (x86)\windows kits\8.1\include\um\winsock2.h(2238): note: see declaration of 'gethostbyname'
d:\netdone\networkprogrammingcpp\serversocket\socketcomm.cpp(372): warning C4996: 'gethostbyname': Use getaddrinfo() or GetAddrInfoW() instead or define _WINSOCK_DEPRECATED_NO_WARNINGS to disable deprecated API warnings
  c:\program files (x86)\windows kits\8.1\include\um\winsock2.h(2238): note: see declaration of 'gethostbyname'
  SocketManager.cpp
  Generating Code...
C:\Program Files (x86)\Microsoft Visual Studio\2017\Professional\Common7\IDE\VC\VCTargets\Microsoft.Cpp.Common.props(109,5): warning MSB4211: The property "VCInstallDir" is being set to a value for the first time, but it was already consumed at "C:\Program Files (x86)\Microsoft Visual Studio\2017\Professional\Common7\IDE\VC\VCTargets\Microsoft.Cpp.Redirect.props (58,5)".
C:\Program Files (x86)\Microsoft Visual Studio\2017\Professional\Common7\IDE\VC\VCTargets\Microsoft.Cpp.Common.props(144,5): warning MSB4211: The property "WindowsTargetPlatformVersion" is being set to a value for the first time, but it was already consumed at "C:\Program Files (x86)\Microsoft Visual Studio\2017\Professional\Common7\IDE\VC\VCTargets\Microsoft.Cpp.WindowsSDK.props (29,5)".
C:\Program Files (x86)\Microsoft Visual Studio\2017\Professional\Common7\IDE\VC\VCTargets\Microsoft.Cpp.Common.props(144,5): warning MSB4211: The property "WindowsTargetPlatformVersion" is being set to a value for the first time, but it was already consumed at "C:\Program Files (x86)\Microsoft Visual Studio\2017\Professional\Common7\IDE\VC\VCTargets\Microsoft.Cpp.WindowsSDK.props (29,5)".
ClientSocketDlg.obj : warning LNK4075: ignoring '/EDITANDCONTINUE' due to '/SAFESEH' specification
C:\Program Files (x86)\Microsoft Visual Studio\2017\Professional\Common7\IDE\VC\VCTargets\Microsoft.Cpp.Common.props(144,5): warning MSB4211: The property "WindowsTargetPlatformVersion" is being set to a value for the first time, but it was already consumed at "C:\Program Files (x86)\Microsoft Visual Studio\2017\Professional\Common7\IDE\VC\VCTargets\Microsoft.Cpp.WindowsSDK.props (29,5)".
C:\Program Files (x86)\Microsoft Visual Studio\2017\Professional\Common7\IDE\VC\VCTargets\Microsoft.Cpp.Common.props(144,5): warning MSB4211: The property "WindowsTargetPlatformVersion" is being set to a value for the first time, but it was already consumed at "C:\Program Files (x86)\Microsoft Visual Studio\2017\Professional\Common7\IDE\VC\VCTargets\Microsoft.Cpp.WindowsSDK.props (29,5)".
C:\Program Files (x86)\Microsoft Visual Studio\2017\Professional\Common7\IDE\VC\VCTargets\Microsoft.Cpp.Common.props(144,5): warning MSB4211: The property "WindowsTargetPlatformVersion" is being set to a value for the first time, but it was already consumed at "C:\Program Files (x86)\Microsoft Visual Studio\2017\Professional\Common7\IDE\VC\VCTargets\Microsoft.Cpp.WindowsSDK.props (29,5)".
  ServerSocket.vcxproj -> D:\NetDone\NetworkProgrammingCpp\ServerSocket\.\Debug\ServerSocket.exe
  ServerSocket.vcxproj -> .\Debug/ServerSocket.pdb (Full PDB)
