C:\Program Files (x86)\Microsoft Visual Studio\2017\Professional\Common7\IDE\VC\VCTargets\Microsoft.Cpp.Common.props(144,5): warning MSB4211: The property "WindowsTargetPlatformVersion" is being set to a value for the first time, but it was already consumed at "C:\Program Files (x86)\Microsoft Visual Studio\2017\Professional\Common7\IDE\VC\VCTargets\Microsoft.Cpp.WindowsSDK.props (29,5)".
C:\Program Files (x86)\Microsoft Visual Studio\2017\Professional\Common7\IDE\VC\VCTargets\Microsoft.Cpp.Common.props(144,5): warning MSB4211: The property "WindowsTargetPlatformVersion" is being set to a value for the first time, but it was already consumed at "C:\Program Files (x86)\Microsoft Visual Studio\2017\Professional\Common7\IDE\VC\VCTargets\Microsoft.Cpp.WindowsSDK.props (29,5)".
  CriticalSection.cpp
C:\Program Files (x86)\Microsoft Visual Studio\2017\Professional\Common7\IDE\VC\VCTargets\Microsoft.Cpp.Common.props(144,5): warning MSB4211: The property "WindowsTargetPlatformVersion" is being set to a value for the first time, but it was already consumed at "C:\Program Files (x86)\Microsoft Visual Studio\2017\Professional\Common7\IDE\VC\VCTargets\Microsoft.Cpp.WindowsSDK.props (29,5)".
  Event.cpp
  Exception.cpp
  IOBuffer.cpp
d:\netdone\networkprogrammingcpp\jet\jetbytetools\iobuffer.cpp(401): error C2956: sized deallocation function 'operator delete(void*, size_t)' would be chosen as placement deallocation function.
  d:\netdone\networkprogrammingcpp\jet\jetbytetools\iobuffer.cpp(225): note: see declaration of 'JetByteTools::Win32::CIOBuffer::operator delete'
  IOCompletionPort.cpp
  ManualResetEvent.cpp
  NodeList.cpp
  Socket.cpp
  SocketServer.cpp
d:\netdone\networkprogrammingcpp\jet\jetbytetools\socketserver.cpp(434): warning C4996: 'WSASocketA': Use WSASocketW() instead or define _WINSOCK_DEPRECATED_NO_WARNINGS to disable deprecated API warnings
  c:\program files (x86)\windows kits\10\include\10.0.10240.0\um\winsock2.h(3411): note: see declaration of 'WSASocketA'
d:\netdone\networkprogrammingcpp\jet\jetbytetools\socketserver.cpp(537): error C2065: 'i': undeclared identifier
d:\netdone\networkprogrammingcpp\jet\jetbytetools\socketserver.cpp(539): error C2065: 'i': undeclared identifier
d:\netdone\networkprogrammingcpp\jet\jetbytetools\socketserver.cpp(539): error C2227: left of '->InitiateShutdownA' must point to class/struct/union/generic type
d:\netdone\networkprogrammingcpp\jet\jetbytetools\socketserver.cpp(542): error C2065: 'i': undeclared identifier
d:\netdone\networkprogrammingcpp\jet\jetbytetools\socketserver.cpp(544): error C2065: 'i': undeclared identifier
d:\netdone\networkprogrammingcpp\jet\jetbytetools\socketserver.cpp(544): error C2227: left of '->WaitForShutdownToComplete' must point to class/struct/union/generic type
d:\netdone\networkprogrammingcpp\jet\jetbytetools\socketserver.cpp(546): error C2065: 'i': undeclared identifier
d:\netdone\networkprogrammingcpp\jet\jetbytetools\socketserver.cpp(548): error C2065: 'i': undeclared identifier
  Thread.cpp
  UsesWinsock.cpp
  Utils.cpp
d:\netdone\networkprogrammingcpp\jet\jetbytetools\utils.cpp(253): warning C4996: 'sprintf': This function or variable may be unsafe. Consider using sprintf_s instead. To disable deprecation, use _CRT_SECURE_NO_WARNINGS. See online help for details.
  c:\program files (x86)\windows kits\10\include\10.0.10240.0\ucrt\stdio.h(1769): note: see declaration of 'sprintf'
d:\netdone\networkprogrammingcpp\jet\jetbytetools\utils.cpp(267): warning C4996: 'sprintf': This function or variable may be unsafe. Consider using sprintf_s instead. To disable deprecation, use _CRT_SECURE_NO_WARNINGS. See online help for details.
  c:\program files (x86)\windows kits\10\include\10.0.10240.0\ucrt\stdio.h(1769): note: see declaration of 'sprintf'
  Win32Exception.cpp
  Generating Code...
